c:\users\fumi0\onedrive\ドキュメント\visual studio 2013\projects\resquerobot\resquerobot\release\vc120.pdb
c:\users\fumi0\onedrive\ドキュメント\visual studio 2013\projects\resquerobot\resquerobot\release\winmain.obj
c:\users\fumi0\onedrive\ドキュメント\visual studio 2013\projects\resquerobot\resquerobot\release\windowmanager.obj
c:\users\fumi0\onedrive\ドキュメント\visual studio 2013\projects\resquerobot\resquerobot\release\eventlistener.obj
c:\users\fumi0\onedrive\ドキュメント\visual studio 2013\projects\resquerobot\resquerobot\release\cvmat2hdc.obj
c:\users\fumi0\desktop\resquerobot\resquerobot\release\vc120.pdb
c:\users\fumi0\desktop\resquerobot\resquerobot\release\winmain.obj
c:\users\fumi0\desktop\resquerobot\resquerobot\release\windowmanager.obj
c:\users\fumi0\desktop\resquerobot\resquerobot\release\eventlistener.obj
c:\users\fumi0\desktop\resquerobot\resquerobot\release\cvmat2hdc.obj
c:\users\fumi0\onedrive\ドキュメント\visual studio 2013\projects\resquerobot\release\resquerobot.exe
c:\users\fumi0\onedrive\ドキュメント\visual studio 2013\projects\resquerobot\release\resquerobot.pdb
c:\users\fumi0\desktop\resquerobot\release\resquerobot.exe
c:\users\fumi0\desktop\resquerobot\release\resquerobot.pdb
c:\users\fumi0\desktop\resquerobot\resquerobot\release\resquerobot.tlog\cl.command.1.tlog
c:\users\fumi0\desktop\resquerobot\resquerobot\release\resquerobot.tlog\cl.read.1.tlog
c:\users\fumi0\desktop\resquerobot\resquerobot\release\resquerobot.tlog\cl.write.1.tlog
c:\users\fumi0\desktop\resquerobot\resquerobot\release\resquerobot.tlog\link.command.1.tlog
c:\users\fumi0\desktop\resquerobot\resquerobot\release\resquerobot.tlog\link.read.1.tlog
c:\users\fumi0\desktop\resquerobot\resquerobot\release\resquerobot.tlog\link.write.1.tlog
